Start testing: Sep 22 14:14 MSK
----------------------------------------------------------
1/1 Testing: rpn_tests
1/1 Test: rpn_tests
Command: "/home/kirill/rpn_calculator/build/tests/rpn_tests"
Directory: /home/kirill/rpn_calculator/build/tests
"rpn_tests" start time: Sep 22 14:14 MSK
Output:
----------------------------------------------------------
Running main() from /home/kirill/rpn_calculator/build/_deps/googletest-src/googletest/src/gtest_main.cc
[==========] Running 6 tests from 1 test suite.
[----------] Global test environment set-up.
[----------] 6 tests from RPNTest
[ RUN      ] RPNTest.BasicAddition
[       OK ] RPNTest.BasicAddition (0 ms)
[ RUN      ] RPNTest.ComplexExpression
[       OK ] RPNTest.ComplexExpression (0 ms)
[ RUN      ] RPNTest.DivisionByZero
[       OK ] RPNTest.DivisionByZero (0 ms)
[ RUN      ] RPNTest.InvalidExpression
[       OK ] RPNTest.InvalidExpression (0 ms)
[ RUN      ] RPNTest.SqrtFunction
[       OK ] RPNTest.SqrtFunction (0 ms)
[ RUN      ] RPNTest.SqrtInvalidInput
[       OK ] RPNTest.SqrtInvalidInput (0 ms)
[----------] 6 tests from RPNTest (0 ms total)

[----------] Global test environment tear-down
[==========] 6 tests from 1 test suite ran. (0 ms total)
[  PASSED  ] 6 tests.
<end of output>
Test time =   0.01 sec
----------------------------------------------------------
Test Passed.
"rpn_tests" end time: Sep 22 14:14 MSK
"rpn_tests" time elapsed: 00:00:00
----------------------------------------------------------

End testing: Sep 22 14:14 MSK
